<?xml version="1.0" encoding="UTF-8"?>
<!-- Generated by org.testng.reporters.JUnitReportReporter -->
<testsuite hostname="DESKTOP-I5F2NBJ" failures="0" tests="3" name="in.reqres.lessonEndProject.create_verify_update_delete_user" time="8.326" errors="0" timestamp="2023-08-22T13:07:13 IST" skipped="0">
  <testcase classname="in.reqres.lessonEndProject.create_verify_update_delete_user" name="createUser" time="4.694"/>
  <system-out/>
  <testcase classname="in.reqres.lessonEndProject.create_verify_update_delete_user" name="updateUser" time="2.046"/>
  <system-out/>
  <testcase classname="in.reqres.lessonEndProject.create_verify_update_delete_user" name="deleteUser" time="1.586"/>
  <system-out/>
</testsuite> <!-- in.reqres.lessonEndProject.create_verify_update_delete_user -->
